1683024324.213030 client started (56807): version next-3.4, socket /tmp/tmux-1000/default, protocol 8
1683024324.213048 on Linux 6.2.13-2-liquorix-amd64 #1 ZEN SMP PREEMPT liquorix 6.2-22.1~bullseye (2023-04-29)
1683024324.213052 using libevent 2.1.12-stable poll
1683024324.213053 using ncurses 6.2 20201114
1683024324.213064 flags are 0x10010000
1683024324.213065 socket is /tmp/tmux-1000/default
1683024324.213072 trying connect
1683024324.213103 add peer 0x56225d69d8e0: 6 ((nil))
1683024324.213248 sending message 100 to peer 0x56225d69d8e0 (4 bytes)
1683024324.213254 sending message 111 to peer 0x56225d69d8e0 (8 bytes)
1683024324.213256 sending message 101 to peer 0x56225d69d8e0 (15 bytes)
1683024324.213258 sending message 109 to peer 0x56225d69d8e0 (4 bytes)
1683024324.213260 sending message 102 to peer 0x56225d69d8e0 (11 bytes)
1683024324.213261 sending message 108 to peer 0x56225d69d8e0 (26 bytes)
1683024324.213263 sending message 112 to peer 0x56225d69d8e0 (58 bytes)
1683024324.213264 sending message 112 to peer 0x56225d69d8e0 (5 bytes)
1683024324.213266 sending message 112 to peer 0x56225d69d8e0 (5 bytes)
1683024324.213268 sending message 112 to peer 0x56225d69d8e0 (6 bytes)
1683024324.213269 sending message 112 to peer 0x56225d69d8e0 (6 bytes)
1683024324.213271 sending message 112 to peer 0x56225d69d8e0 (11 bytes)
1683024324.213272 sending message 112 to peer 0x56225d69d8e0 (10 bytes)
1683024324.213274 sending message 112 to peer 0x56225d69d8e0 (13 bytes)
1683024324.213275 sending message 112 to peer 0x56225d69d8e0 (14 bytes)
1683024324.213277 sending message 112 to peer 0x56225d69d8e0 (19 bytes)
1683024324.213278 sending message 112 to peer 0x56225d69d8e0 (11 bytes)
1683024324.213280 sending message 112 to peer 0x56225d69d8e0 (10 bytes)
1683024324.213281 sending message 112 to peer 0x56225d69d8e0 (15 bytes)
1683024324.213283 sending message 112 to peer 0x56225d69d8e0 (21 bytes)
1683024324.213284 sending message 112 to peer 0x56225d69d8e0 (13 bytes)
1683024324.213286 sending message 112 to peer 0x56225d69d8e0 (7 bytes)
1683024324.213287 sending message 112 to peer 0x56225d69d8e0 (13 bytes)
1683024324.213289 sending message 112 to peer 0x56225d69d8e0 (7 bytes)
1683024324.213290 sending message 112 to peer 0x56225d69d8e0 (13 bytes)
1683024324.213292 sending message 112 to peer 0x56225d69d8e0 (9 bytes)
1683024324.213293 sending message 112 to peer 0x56225d69d8e0 (21 bytes)
1683024324.213295 sending message 112 to peer 0x56225d69d8e0 (13 bytes)
1683024324.213296 sending message 112 to peer 0x56225d69d8e0 (9 bytes)
1683024324.213298 sending message 112 to peer 0x56225d69d8e0 (16 bytes)
1683024324.213299 sending message 112 to peer 0x56225d69d8e0 (13 bytes)
1683024324.213301 sending message 112 to peer 0x56225d69d8e0 (9 bytes)
1683024324.213302 sending message 112 to peer 0x56225d69d8e0 (9 bytes)
1683024324.213304 sending message 112 to peer 0x56225d69d8e0 (12 bytes)
1683024324.213305 sending message 112 to peer 0x56225d69d8e0 (8 bytes)
1683024324.213307 sending message 112 to peer 0x56225d69d8e0 (8 bytes)
1683024324.213308 sending message 112 to peer 0x56225d69d8e0 (13 bytes)
1683024324.213310 sending message 112 to peer 0x56225d69d8e0 (7 bytes)
1683024324.213311 sending message 112 to peer 0x56225d69d8e0 (7 bytes)
1683024324.213313 sending message 112 to peer 0x56225d69d8e0 (9 bytes)
1683024324.213314 sending message 112 to peer 0x56225d69d8e0 (9 bytes)
1683024324.213316 sending message 112 to peer 0x56225d69d8e0 (15 bytes)
1683024324.213317 sending message 112 to peer 0x56225d69d8e0 (13 bytes)
1683024324.213319 sending message 112 to peer 0x56225d69d8e0 (12 bytes)
1683024324.213320 sending message 112 to peer 0x56225d69d8e0 (8 bytes)
1683024324.213322 sending message 112 to peer 0x56225d69d8e0 (14 bytes)
1683024324.213323 sending message 112 to peer 0x56225d69d8e0 (11 bytes)
1683024324.213325 sending message 112 to peer 0x56225d69d8e0 (9 bytes)
1683024324.213326 sending message 112 to peer 0x56225d69d8e0 (10 bytes)
1683024324.213328 sending message 112 to peer 0x56225d69d8e0 (10 bytes)
1683024324.213329 sending message 112 to peer 0x56225d69d8e0 (10 bytes)
1683024324.213335 sending message 112 to peer 0x56225d69d8e0 (10 bytes)
1683024324.213337 sending message 112 to peer 0x56225d69d8e0 (11 bytes)
1683024324.213339 sending message 112 to peer 0x56225d69d8e0 (12 bytes)
1683024324.213340 sending message 112 to peer 0x56225d69d8e0 (12 bytes)
1683024324.213342 sending message 112 to peer 0x56225d69d8e0 (12 bytes)
1683024324.213343 sending message 112 to peer 0x56225d69d8e0 (12 bytes)
1683024324.213345 sending message 112 to peer 0x56225d69d8e0 (12 bytes)
1683024324.213346 sending message 112 to peer 0x56225d69d8e0 (11 bytes)
1683024324.213348 sending message 112 to peer 0x56225d69d8e0 (11 bytes)
1683024324.213349 sending message 112 to peer 0x56225d69d8e0 (12 bytes)
1683024324.213351 sending message 112 to peer 0x56225d69d8e0 (12 bytes)
1683024324.213352 sending message 112 to peer 0x56225d69d8e0 (12 bytes)
1683024324.213354 sending message 112 to peer 0x56225d69d8e0 (12 bytes)
1683024324.213355 sending message 112 to peer 0x56225d69d8e0 (12 bytes)
1683024324.213357 sending message 112 to peer 0x56225d69d8e0 (9 bytes)
1683024324.213358 sending message 112 to peer 0x56225d69d8e0 (12 bytes)
1683024324.213360 sending message 112 to peer 0x56225d69d8e0 (13 bytes)
1683024324.213361 sending message 112 to peer 0x56225d69d8e0 (13 bytes)
1683024324.213363 sending message 112 to peer 0x56225d69d8e0 (13 bytes)
1683024324.213364 sending message 112 to peer 0x56225d69d8e0 (13 bytes)
1683024324.213366 sending message 112 to peer 0x56225d69d8e0 (13 bytes)
1683024324.213367 sending message 112 to peer 0x56225d69d8e0 (8 bytes)
1683024324.213369 sending message 112 to peer 0x56225d69d8e0 (11 bytes)
1683024324.213370 sending message 112 to peer 0x56225d69d8e0 (11 bytes)
1683024324.213372 sending message 112 to peer 0x56225d69d8e0 (11 bytes)
1683024324.213373 sending message 112 to peer 0x56225d69d8e0 (12 bytes)
1683024324.213375 sending message 112 to peer 0x56225d69d8e0 (12 bytes)
1683024324.213376 sending message 112 to peer 0x56225d69d8e0 (12 bytes)
1683024324.213379 sending message 112 to peer 0x56225d69d8e0 (12 bytes)
1683024324.213380 sending message 112 to peer 0x56225d69d8e0 (13 bytes)
1683024324.213381 sending message 112 to peer 0x56225d69d8e0 (13 bytes)
1683024324.213383 sending message 112 to peer 0x56225d69d8e0 (13 bytes)
1683024324.213385 sending message 112 to peer 0x56225d69d8e0 (8 bytes)
1683024324.213386 sending message 112 to peer 0x56225d69d8e0 (13 bytes)
1683024324.213388 sending message 112 to peer 0x56225d69d8e0 (13 bytes)
1683024324.213389 sending message 112 to peer 0x56225d69d8e0 (13 bytes)
1683024324.213391 sending message 112 to peer 0x56225d69d8e0 (13 bytes)
1683024324.213392 sending message 112 to peer 0x56225d69d8e0 (13 bytes)
1683024324.213394 sending message 112 to peer 0x56225d69d8e0 (12 bytes)
1683024324.213395 sending message 112 to peer 0x56225d69d8e0 (12 bytes)
1683024324.213397 sending message 112 to peer 0x56225d69d8e0 (12 bytes)
1683024324.213398 sending message 112 to peer 0x56225d69d8e0 (12 bytes)
1683024324.213400 sending message 112 to peer 0x56225d69d8e0 (13 bytes)
1683024324.213401 sending message 112 to peer 0x56225d69d8e0 (8 bytes)
1683024324.213403 sending message 112 to peer 0x56225d69d8e0 (13 bytes)
1683024324.213404 sending message 112 to peer 0x56225d69d8e0 (13 bytes)
1683024324.213406 sending message 112 to peer 0x56225d69d8e0 (13 bytes)
1683024324.213407 sending message 112 to peer 0x56225d69d8e0 (13 bytes)
1683024324.213409 sending message 112 to peer 0x56225d69d8e0 (13 bytes)
1683024324.213410 sending message 112 to peer 0x56225d69d8e0 (13 bytes)
1683024324.213412 sending message 112 to peer 0x56225d69d8e0 (13 bytes)
1683024324.213413 sending message 112 to peer 0x56225d69d8e0 (12 bytes)
1683024324.213415 sending message 112 to peer 0x56225d69d8e0 (12 bytes)
1683024324.213416 sending message 112 to peer 0x56225d69d8e0 (12 bytes)
1683024324.213418 sending message 112 to peer 0x56225d69d8e0 (8 bytes)
1683024324.213419 sending message 112 to peer 0x56225d69d8e0 (12 bytes)
1683024324.213421 sending message 112 to peer 0x56225d69d8e0 (13 bytes)
1683024324.213424 sending message 112 to peer 0x56225d69d8e0 (13 bytes)
1683024324.213426 sending message 112 to peer 0x56225d69d8e0 (13 bytes)
1683024324.213428 sending message 112 to peer 0x56225d69d8e0 (13 bytes)
1683024324.213429 sending message 112 to peer 0x56225d69d8e0 (13 bytes)
1683024324.213431 sending message 112 to peer 0x56225d69d8e0 (13 bytes)
1683024324.213432 sending message 112 to peer 0x56225d69d8e0 (13 bytes)
1683024324.213434 sending message 112 to peer 0x56225d69d8e0 (13 bytes)
1683024324.213435 sending message 112 to peer 0x56225d69d8e0 (12 bytes)
1683024324.213437 sending message 112 to peer 0x56225d69d8e0 (10 bytes)
1683024324.213438 sending message 112 to peer 0x56225d69d8e0 (12 bytes)
1683024324.213439 sending message 112 to peer 0x56225d69d8e0 (12 bytes)
1683024324.213441 sending message 112 to peer 0x56225d69d8e0 (12 bytes)
1683024324.213442 sending message 112 to peer 0x56225d69d8e0 (13 bytes)
1683024324.213444 sending message 112 to peer 0x56225d69d8e0 (13 bytes)
1683024324.213445 sending message 112 to peer 0x56225d69d8e0 (13 bytes)
1683024324.213447 sending message 112 to peer 0x56225d69d8e0 (13 bytes)
1683024324.213448 sending message 112 to peer 0x56225d69d8e0 (13 bytes)
1683024324.213450 sending message 112 to peer 0x56225d69d8e0 (13 bytes)
1683024324.213451 sending message 112 to peer 0x56225d69d8e0 (13 bytes)
1683024324.213453 sending message 112 to peer 0x56225d69d8e0 (10 bytes)
1683024324.213454 sending message 112 to peer 0x56225d69d8e0 (13 bytes)
1683024324.213456 sending message 112 to peer 0x56225d69d8e0 (12 bytes)
1683024324.213457 sending message 112 to peer 0x56225d69d8e0 (12 bytes)
1683024324.213459 sending message 112 to peer 0x56225d69d8e0 (12 bytes)
1683024324.213460 sending message 112 to peer 0x56225d69d8e0 (10 bytes)
1683024324.213462 sending message 112 to peer 0x56225d69d8e0 (10 bytes)
1683024324.213463 sending message 112 to peer 0x56225d69d8e0 (10 bytes)
1683024324.213465 sending message 112 to peer 0x56225d69d8e0 (12 bytes)
1683024324.213466 sending message 112 to peer 0x56225d69d8e0 (13 bytes)
1683024324.213468 sending message 112 to peer 0x56225d69d8e0 (13 bytes)
1683024324.213469 sending message 112 to peer 0x56225d69d8e0 (13 bytes)
1683024324.213471 sending message 112 to peer 0x56225d69d8e0 (13 bytes)
1683024324.213473 sending message 112 to peer 0x56225d69d8e0 (13 bytes)
1683024324.213474 sending message 112 to peer 0x56225d69d8e0 (10 bytes)
1683024324.213476 sending message 112 to peer 0x56225d69d8e0 (11 bytes)
1683024324.213477 sending message 112 to peer 0x56225d69d8e0 (12 bytes)
1683024324.213479 sending message 112 to peer 0x56225d69d8e0 (12 bytes)
1683024324.213480 sending message 112 to peer 0x56225d69d8e0 (12 bytes)
1683024324.213482 sending message 112 to peer 0x56225d69d8e0 (12 bytes)
1683024324.213484 sending message 112 to peer 0x56225d69d8e0 (12 bytes)
1683024324.213485 sending message 112 to peer 0x56225d69d8e0 (11 bytes)
1683024324.213487 sending message 112 to peer 0x56225d69d8e0 (12 bytes)
1683024324.213488 sending message 112 to peer 0x56225d69d8e0 (12 bytes)
1683024324.213490 sending message 112 to peer 0x56225d69d8e0 (13 bytes)
1683024324.213491 sending message 112 to peer 0x56225d69d8e0 (13 bytes)
1683024324.213493 sending message 112 to peer 0x56225d69d8e0 (13 bytes)
1683024324.213494 sending message 112 to peer 0x56225d69d8e0 (13 bytes)
1683024324.213496 sending message 112 to peer 0x56225d69d8e0 (13 bytes)
1683024324.213498 sending message 112 to peer 0x56225d69d8e0 (10 bytes)
1683024324.213499 sending message 112 to peer 0x56225d69d8e0 (9 bytes)
1683024324.213501 sending message 112 to peer 0x56225d69d8e0 (12 bytes)
1683024324.213502 sending message 112 to peer 0x56225d69d8e0 (13 bytes)
1683024324.213504 sending message 112 to peer 0x56225d69d8e0 (13 bytes)
1683024324.213505 sending message 112 to peer 0x56225d69d8e0 (13 bytes)
1683024324.213507 sending message 112 to peer 0x56225d69d8e0 (13 bytes)
1683024324.213508 sending message 112 to peer 0x56225d69d8e0 (13 bytes)
1683024324.213510 sending message 112 to peer 0x56225d69d8e0 (9 bytes)
1683024324.213513 sending message 112 to peer 0x56225d69d8e0 (12 bytes)
1683024324.213515 sending message 112 to peer 0x56225d69d8e0 (13 bytes)
1683024324.213516 sending message 112 to peer 0x56225d69d8e0 (13 bytes)
1683024324.213518 sending message 112 to peer 0x56225d69d8e0 (13 bytes)
1683024324.213519 sending message 112 to peer 0x56225d69d8e0 (13 bytes)
1683024324.213521 sending message 112 to peer 0x56225d69d8e0 (13 bytes)
1683024324.213522 sending message 112 to peer 0x56225d69d8e0 (11 bytes)
1683024324.213524 sending message 112 to peer 0x56225d69d8e0 (12 bytes)
1683024324.213525 sending message 112 to peer 0x56225d69d8e0 (13 bytes)
1683024324.213527 sending message 112 to peer 0x56225d69d8e0 (13 bytes)
1683024324.213528 sending message 112 to peer 0x56225d69d8e0 (13 bytes)
1683024324.213530 sending message 112 to peer 0x56225d69d8e0 (13 bytes)
1683024324.213531 sending message 112 to peer 0x56225d69d8e0 (13 bytes)
1683024324.213533 sending message 112 to peer 0x56225d69d8e0 (11 bytes)
1683024324.213535 sending message 112 to peer 0x56225d69d8e0 (12 bytes)
1683024324.213536 sending message 112 to peer 0x56225d69d8e0 (12 bytes)
1683024324.213538 sending message 112 to peer 0x56225d69d8e0 (12 bytes)
1683024324.213539 sending message 112 to peer 0x56225d69d8e0 (12 bytes)
1683024324.213541 sending message 112 to peer 0x56225d69d8e0 (12 bytes)
1683024324.213542 sending message 112 to peer 0x56225d69d8e0 (21 bytes)
1683024324.213544 sending message 112 to peer 0x56225d69d8e0 (12 bytes)
1683024324.213545 sending message 112 to peer 0x56225d69d8e0 (9 bytes)
1683024324.213547 sending message 112 to peer 0x56225d69d8e0 (6 bytes)
1683024324.213548 sending message 112 to peer 0x56225d69d8e0 (13 bytes)
1683024324.213550 sending message 112 to peer 0x56225d69d8e0 (10 bytes)
1683024324.213551 sending message 112 to peer 0x56225d69d8e0 (24 bytes)
1683024324.213553 sending message 112 to peer 0x56225d69d8e0 (13 bytes)
1683024324.213555 sending message 112 to peer 0x56225d69d8e0 (9 bytes)
1683024324.213556 sending message 112 to peer 0x56225d69d8e0 (70 bytes)
1683024324.213558 sending message 112 to peer 0x56225d69d8e0 (69 bytes)
1683024324.213559 sending message 112 to peer 0x56225d69d8e0 (12 bytes)
1683024324.213561 sending message 112 to peer 0x56225d69d8e0 (10 bytes)
1683024324.213562 sending message 112 to peer 0x56225d69d8e0 (10 bytes)
1683024324.213563 sending message 112 to peer 0x56225d69d8e0 (24 bytes)
1683024324.213565 sending message 112 to peer 0x56225d69d8e0 (13 bytes)
1683024324.213566 sending message 112 to peer 0x56225d69d8e0 (10 bytes)
1683024324.213568 sending message 112 to peer 0x56225d69d8e0 (10 bytes)
1683024324.213569 sending message 112 to peer 0x56225d69d8e0 (10 bytes)
1683024324.213572 sending message 112 to peer 0x56225d69d8e0 (13 bytes)
1683024324.213574 sending message 112 to peer 0x56225d69d8e0 (15 bytes)
1683024324.213575 sending message 112 to peer 0x56225d69d8e0 (5 bytes)
1683024324.213578 sending message 104 to peer 0x56225d69d8e0 (0 bytes)
1683024324.213580 sending message 110 to peer 0x56225d69d8e0 (0 bytes)
1683024324.213581 sending message 107 to peer 0x56225d69d8e0 (4 bytes)
1683024324.213583 sending message 105 to peer 0x56225d69d8e0 (38 bytes)
1683024324.213584 sending message 105 to peer 0x56225d69d8e0 (55 bytes)
1683024324.213586 sending message 105 to peer 0x56225d69d8e0 (29 bytes)
1683024324.213587 sending message 105 to peer 0x56225d69d8e0 (38 bytes)
1683024324.213589 sending message 105 to peer 0x56225d69d8e0 (23 bytes)
1683024324.213590 sending message 105 to peer 0x56225d69d8e0 (20 bytes)
1683024324.213592 sending message 105 to peer 0x56225d69d8e0 (94 bytes)
1683024324.213593 sending message 105 to peer 0x56225d69d8e0 (11 bytes)
1683024324.213595 sending message 105 to peer 0x56225d69d8e0 (12 bytes)
1683024324.213596 sending message 105 to peer 0x56225d69d8e0 (43 bytes)
1683024324.213599 sending message 105 to peer 0x56225d69d8e0 (64 bytes)
1683024324.213601 sending message 105 to peer 0x56225d69d8e0 (126 bytes)
1683024324.213602 sending message 105 to peer 0x56225d69d8e0 (34 bytes)
1683024324.213605 sending message 105 to peer 0x56225d69d8e0 (18 bytes)
1683024324.213607 sending message 105 to peer 0x56225d69d8e0 (16 bytes)
1683024324.213608 sending message 105 to peer 0x56225d69d8e0 (47 bytes)
1683024324.213610 sending message 105 to peer 0x56225d69d8e0 (23 bytes)
1683024324.213611 sending message 105 to peer 0x56225d69d8e0 (13 bytes)
1683024324.213613 sending message 105 to peer 0x56225d69d8e0 (17 bytes)
1683024324.213614 sending message 105 to peer 0x56225d69d8e0 (18 bytes)
1683024324.213616 sending message 105 to peer 0x56225d69d8e0 (15 bytes)
1683024324.213617 sending message 105 to peer 0x56225d69d8e0 (2588 bytes)
1683024324.213628 sending message 105 to peer 0x56225d69d8e0 (22 bytes)
1683024324.213630 sending message 105 to peer 0x56225d69d8e0 (41 bytes)
1683024324.213631 sending message 105 to peer 0x56225d69d8e0 (13 bytes)
1683024324.213633 sending message 105 to peer 0x56225d69d8e0 (15 bytes)
1683024324.213634 sending message 105 to peer 0x56225d69d8e0 (15 bytes)
1683024324.213636 sending message 105 to peer 0x56225d69d8e0 (37 bytes)
1683024324.213637 sending message 105 to peer 0x56225d69d8e0 (1002 bytes)
1683024324.213639 sending message 105 to peer 0x56225d69d8e0 (30 bytes)
1683024324.213641 sending message 105 to peer 0x56225d69d8e0 (19 bytes)
1683024324.213642 sending message 105 to peer 0x56225d69d8e0 (8 bytes)
1683024324.213644 sending message 105 to peer 0x56225d69d8e0 (41 bytes)
1683024324.213645 sending message 105 to peer 0x56225d69d8e0 (20 bytes)
1683024324.213647 sending message 105 to peer 0x56225d69d8e0 (18 bytes)
1683024324.213648 sending message 105 to peer 0x56225d69d8e0 (30 bytes)
1683024324.213650 sending message 105 to peer 0x56225d69d8e0 (35 bytes)
1683024324.213651 sending message 105 to peer 0x56225d69d8e0 (13 bytes)
1683024324.213653 sending message 105 to peer 0x56225d69d8e0 (12 bytes)
1683024324.213655 sending message 105 to peer 0x56225d69d8e0 (18 bytes)
1683024324.213656 sending message 105 to peer 0x56225d69d8e0 (13 bytes)
1683024324.213658 sending message 105 to peer 0x56225d69d8e0 (36 bytes)
1683024324.213659 sending message 105 to peer 0x56225d69d8e0 (31 bytes)
1683024324.213661 sending message 105 to peer 0x56225d69d8e0 (15 bytes)
1683024324.213662 sending message 105 to peer 0x56225d69d8e0 (23 bytes)
1683024324.213664 sending message 105 to peer 0x56225d69d8e0 (17 bytes)
1683024324.213665 sending message 105 to peer 0x56225d69d8e0 (21 bytes)
1683024324.213667 sending message 105 to peer 0x56225d69d8e0 (11 bytes)
1683024324.213669 sending message 105 to peer 0x56225d69d8e0 (22 bytes)
1683024324.213670 sending message 105 to peer 0x56225d69d8e0 (65 bytes)
1683024324.213672 sending message 105 to peer 0x56225d69d8e0 (76 bytes)
1683024324.213673 sending message 106 to peer 0x56225d69d8e0 (0 bytes)
1683024324.213705 sending message 200 to peer 0x56225d69d8e0 (4 bytes)
1683024324.213707 client loop enter
1683024324.213910 peer 0x56225d69d8e0 message 303
1683024324.213913 open write file 2 -
1683024324.213918 sending message 305 to peer 0x56225d69d8e0 (8 bytes)
1683024324.213925 write check file 2
1683024324.213953 peer 0x56225d69d8e0 message 304
1683024324.213954 write 58 to file 2
1683024324.213957 peer 0x56225d69d8e0 message 203
1683024324.213959 file 2 58 bytes left
1683024324.213964 write check file 2
1683024324.213965 client loop exit
